<?xml version="1.0" encoding="UTF-8"?>
<!-- Generated by org.testng.reporters.JUnitReportReporter -->
<testsuite skipped="0" hostname="DESKTOP-J8ILNTE" name="com.org.testapi.TestApiGetUsingQueryParams" tests="6" failures="0" timestamp="2021-04-20T18:06:07 CEST" time="3.879" errors="0">
  <testcase name="readjasonBin" time="0.704" classname="com.org.testapi.TestApiGetUsingQueryParams"/>
  <system-out/>
  <testcase name="AupdatejasonBin" time="0.724" classname="com.org.testapi.TestApiGetUsingQueryParams"/>
  <system-out/>
  <testcase name="changeprivacyBin" time="0.721" classname="com.org.testapi.TestApiGetUsingQueryParams"/>
  <system-out/>
  <testcase name="versionscountBin" time="0.394" classname="com.org.testapi.TestApiGetUsingQueryParams"/>
  <system-out/>
  <testcase name="deletejasonBin" time="0.688" classname="com.org.testapi.TestApiGetUsingQueryParams"/>
  <system-out/>
  <testcase name="delversionsBin" time="0.648" classname="com.org.testapi.TestApiGetUsingQueryParams"/>
  <system-out/>
</testsuite> <!-- com.org.testapi.TestApiGetUsingQueryParams -->
